
> native@1.0.0 ios
> expo run:ios --device 00008120-001E50A002F0201E

› Skipping dev server
› Using --device 00008120-001E50A002F0201E
› Auto signing app using team(s): K8HHF49ZVM
› Planning build
    Run script build phase '[CP-User] [Hermes] Replace Hermes for the right configuration, if needed' will be run during every build because it does not specify any outputs. To address this issue, either add output dependencies to the script phase, or configure it to run in every build by unchecking "Based on dependency analysis" in the script phase. (in target 'hermes-engine' from project 'Pods')
› Executing react-native Pods/hermes-engine » [CP-User] [Hermes] Replace Hermes for the right configuration, if needed
› Preparing Pods/glog-glog_privacy » ResourceBundle-glog_privacy-glog-Info.plist
› Preparing Pods/boost-boost_privacy » ResourceBundle-boost_privacy-boost-Info.plist
› Preparing expo-image Pods/SDWebImage-SDWebImage » ResourceBundle-SDWebImage-SDWebImage-Info.plist
› Preparing Pods/RCT-Folly-RCT-Folly_privacy » ResourceBundle-RCT-Folly_privacy-RCT-Folly-Info.plist
› Preparing Pods/React-Core-React-Core_privacy » ResourceBundle-React-Core_privacy-React-Core-Info.plist
› Preparing Pods/React-cxxreact-React-cxxreact_privacy » ResourceBundle-React-cxxreact_privacy-React-cxxreact-Info.plist
    Run script build phase '[CP-User] [RN]Check rncore' will be run during every build because it does not specify any outputs. To address this issue, either add output dependencies to the script phase, or configure it to run in every build by unchecking "Based on dependency analysis" in the script phase. (in target 'React-Fabric' from project 'Pods')
› Executing react-native Pods/React-Fabric » [CP-User] [RN]Check rncore
› Preparing Pods/ExpoFileSystem-ExpoFileSystem_privacy » ResourceBundle-ExpoFileSystem_privacy-ExpoFileSystem-Info.plist
› Preparing Pods/EXConstants-ExpoConstants_privacy » ResourceBundle-ExpoConstants_privacy-EXConstants-Info.plist
› Preparing Pods/expo-dev-menu-EXDevMenu » ResourceBundle-EXDevMenu-expo-dev-menu-Info.plist
› Compiling native Pods/ReactCodegen » ComponentDescriptors.cpp
› Preparing Pods/expo-dev-launcher-EXDevLauncher » ResourceBundle-EXDevLauncher-expo-dev-launcher-Info.plist
› Preparing expo-constants Pods/EXConstants-EXConstants » ResourceBundle-EXConstants-EXConstants-Info.plist
› Packaging native Pods/ReactCodegen » libReactCodegen.a
    Run script build phase '[CP-User] [RN]Check rncore' will be run during every build because it does not specify any outputs. To address this issue, either add output dependencies to the script phase, or configure it to run in every build by unchecking "Based on dependency analysis" in the script phase. (in target 'React-FabricComponents' from project 'Pods')
› Executing react-native Pods/React-FabricComponents » [CP-User] [RN]Check rncore
› Executing expo-constants Pods/EXConstants » [CP-User] Generate app.config for prebuilt Constants.manifest
› Executing RecipeBox » [Expo] Configure project
› Preparing RecipeBox » Info.plist
› Linking   RecipeBox » RecipeBox.debug.dylib
⚠️  ld: ignoring duplicate libraries: '-lc++'
› Generating debug RecipeBox » RecipeBox.app.dSYM
› Linking   RecipeBox » RecipeBox
› Generating debug RecipeBox » RecipeBox.app.dSYM
› Executing RecipeBox » Bundle React Native code and images
› Executing RecipeBox » [CP] Copy Pods Resources
› Signing   RecipeBox » RecipeBox.debug.dylib
› Signing   RecipeBox » __preview.dylib
› Signing   RecipeBox » RecipeBox.app
› Build Succeeded

› 0 error(s), and 4 warning(s)

Waiting on http://localhost:8081
› Installing /Users/user/Library/Developer/Xcode/DerivedData/RecipeBox-dewhukqxnqgfmdbbckkidbdblvpr/Build/Products/Debug-iphoneos/RecipeBox.app
- CreatingStagingDirectory
✔ Complete 100%
✖ Complete 100%
Error: xcrun devicectl device process launch --device 00008120-001E50A002F0201E com.sujinchoi.recipebox exited with non-zero code: 1
14:40:56  Acquired tunnel connection to device.
14:40:56  Enabling developer disk image services.
14:40:56  Acquired usage assertion.

ERROR: The application failed to launch. (com.apple.dt.CoreDeviceError error 10002 (0x2712))
       BundleIdentifier = com.sujinchoi.recipebox
       ----------------------------------------
           The request to open "com.sujinchoi.recipebox" failed. (FBSOpenApplicationServiceErrorDomain error 1 (0x01))
           BSErrorCodeDescription = RequestDenied
           NSLocalizedFailureReason = The request was denied by service delegate (SBMainWorkspace) for reason: Security ("Unable to launch com.sujinchoi.recipebox because it has an invalid code signature, inadequate entitlements or its profile has not been explicitly trusted by the user").
           FBSOpenApplicationRequestID = 0x9971
       ----------------------------------------
               The operation couldn’t be completed. Unable to launch com.sujinchoi.recipebox because it has an invalid code signature, inadequate entitlements or its profile has not been explicitly trusted by the user. (FBSOpenApplicationErrorDomain error 3 (0x03))
               BSErrorCodeDescription = Security
               NSLocalizedFailureReason = Unable to launch com.sujinchoi.recipebox because it has an invalid code signature, inadequate entitlements or its profile has not been explicitly trusted by the user.
Error: xcrun devicectl device process launch --device 00008120-001E50A002F0201E com.sujinchoi.recipebox exited with non-zero code: 1
    at ChildProcess.completionListener (/Users/user/Desktop/수진/test/recipe-box/node_modules/@expo/spawn-async/src/spawnAsync.ts:67:13)
    at Object.onceWrapper (node:events:623:26)
    at ChildProcess.emit (node:events:508:28)
    at maybeClose (node:internal/child_process:1101:16)
    at Process.ChildProcess._handle.onexit (node:internal/child_process:305:5)
    ...
    at spawnAsync (/Users/user/Desktop/수진/test/recipe-box/node_modules/@expo/spawn-async/src/spawnAsync.ts:28:21)
    at xcrunAsync (/Users/user/Desktop/수진/test/recipe-box/node_modules/@expo/cli/src/start/platforms/ios/xcrun.ts:21:28)
    at devicectlAsync (/Users/user/Desktop/수진/test/recipe-box/node_modules/@expo/cli/src/start/platforms/ios/devicectl.ts:137:28)
    at launchAppWithDeviceCtl (/Users/user/Desktop/수진/test/recipe-box/node_modules/@expo/cli/src/start/platforms/ios/devicectl.ts:303:9)
    at launchApp (/Users/user/Desktop/수진/test/recipe-box/node_modules/@expo/cli/src/run/ios/appleDevice/AppleDevice.ts:326:40)
    at processTicksAndRejections (node:internal/process/task_queues:105:5)
    at Object.runOnDevice (/Users/user/Desktop/수진/test/recipe-box/node_modules/@expo/cli/src/run/ios/appleDevice/AppleDevice.ts:201:33)
    at installOnDeviceAsync (/Users/user/Desktop/수진/test/recipe-box/node_modules/@expo/cli/src/run/ios/appleDevice/installOnDeviceAsync.ts:39:5)
    at launchAppAsync (/Users/user/Desktop/수진/test/recipe-box/node_modules/@expo/cli/src/run/ios/launchApp.ts:34:7)
    at runIosAsync (/Users/user/Desktop/수진/test/recipe-box/node_modules/@expo/cli/src/run/ios/runIosAsync.ts:152:3)
